Log file open, 01/07/21 20:59:40
LogInit: Display: Running engine for game: Vaccum
LogPlatformFile: Not using cached read wrapper
LogTaskGraph: Started task graph with 5 named threads and 23 total threads with 3 sets of task threads.
LogStats: Stats thread started at 0.260485
LogD3D11RHI: Loaded GFSDK_Aftermath_Lib.x64.dll
LogICUInternationalization: ICU TimeZone Detection - Raw Offset: +1:00, Platform Override: ''
LogPluginManager: Mounting plugin Paper2D
LogPluginManager: Mounting plugin AISupport
LogPluginManager: Mounting plugin LightPropagationVolume
LogPluginManager: Mounting plugin CameraShakePreviewer
LogPluginManager: Mounting plugin ActorLayerUtilities
LogPluginManager: Mounting plugin AnimationSharing
LogPluginManager: Mounting plugin CLionSourceCodeAccess
LogPluginManager: Mounting plugin CodeLiteSourceCodeAccess
LogPluginManager: Mounting plugin GitSourceControl
LogPluginManager: Mounting plugin KDevelopSourceCodeAccess
LogPluginManager: Mounting plugin NullSourceCodeAccess
LogPluginManager: Mounting plugin PerforceSourceControl
LogPluginManager: Mounting plugin PlasticSourceControl
LogPluginManager: Mounting plugin RiderSourceCodeAccess
LogPluginManager: Mounting plugin SubversionSourceControl
LogPluginManager: Mounting plugin UObjectPlugin
LogPluginManager: Mounting plugin VisualStudioCodeSourceCodeAccess
LogPluginManager: Mounting plugin VisualStudioSourceCodeAccess
LogPluginManager: Mounting plugin XCodeSourceCodeAccess
LogPluginManager: Mounting plugin AssetManagerEditor
LogPluginManager: Mounting plugin CryptoKeys
LogPluginManager: Mounting plugin CurveEditorTools
LogPluginManager: Mounting plugin DataValidation
LogPluginManager: Mounting plugin EditorScriptingUtilities
LogPluginManager: Mounting plugin FacialAnimation
LogPluginManager: Mounting plugin GameplayTagsEditor
LogPluginManager: Mounting plugin GeometryMode
LogPluginManager: Mounting plugin MacGraphicsSwitching
LogPluginManager: Mounting plugin MaterialAnalyzer
LogPluginManager: Mounting plugin MobileLauncherProfileWizard
LogPluginManager: Mounting plugin PluginBrowser
LogPluginManager: Mounting plugin SpeedTreeImporter
LogPluginManager: Mounting plugin DatasmithContent
LogPluginManager: Mounting plugin VariantManagerContent
LogPluginManager: Mounting plugin AlembicImporter
LogPluginManager: Mounting plugin AutomationUtils
LogPluginManager: Mounting plugin BackChannel
LogPluginManager: Mounting plugin ChaosCloth
LogPluginManager: Mounting plugin ChaosClothEditor
LogPluginManager: Mounting plugin ChaosEditor
LogPluginManager: Mounting plugin ChaosNiagara
LogPluginManager: Mounting plugin ChaosSolverPlugin
LogPluginManager: Mounting plugin CharacterAI
LogPluginManager: Mounting plugin GeometryCache
LogPluginManager: Mounting plugin GeometryCollectionPlugin
LogPluginManager: Mounting plugin GeometryProcessing
LogPluginManager: Mounting plugin PlanarCut
LogPluginManager: Mounting plugin PlatformCrypto
LogPluginManager: Mounting plugin ProxyLODPlugin
LogPluginManager: Mounting plugin SkeletalReduction
LogPluginManager: Mounting plugin Niagara
LogPluginManager: Mounting plugin MagicLeap
LogPluginManager: Mounting plugin MagicLeapLightEstimation
LogPluginManager: Mounting plugin MagicLeapMedia
LogPluginManager: Mounting plugin MagicLeapPassableWorld
LogPluginManager: Mounting plugin MLSDK
LogPluginManager: Mounting plugin AndroidMedia
LogPluginManager: Mounting plugin AvfMedia
LogPluginManager: Mounting plugin ImgMedia
LogPluginManager: Mounting plugin MediaCompositing
LogPluginManager: Mounting plugin MediaPlayerEditor
LogPluginManager: Mounting plugin WebMMedia
LogPluginManager: Mounting plugin WmfMedia
LogPluginManager: Mounting plugin MeshPainting
LogPluginManager: Mounting plugin TcpMessaging
LogPluginManager: Mounting plugin UdpMessaging
LogPluginManager: Mounting plugin ActorSequence
LogPluginManager: Mounting plugin LevelSequenceEditor
LogPluginManager: Mounting plugin MatineeToLevelSequence
LogPluginManager: Mounting plugin MovieRenderPipeline
LogPluginManager: Mounting plugin TemplateSequence
LogPluginManager: Mounting plugin NetcodeUnitTest
LogPluginManager: Mounting plugin NUTUnrealEngine4
LogPluginManager: Mounting plugin OnlineSubsystemGooglePlay
LogPluginManager: Mounting plugin OnlineSubsystemIOS
LogPluginManager: Mounting plugin OnlineSubsystem
LogPluginManager: Mounting plugin OnlineSubsystemNull
LogPluginManager: Mounting plugin OnlineSubsystemUtils
LogPluginManager: Mounting plugin LauncherChunkInstaller
LogPluginManager: Mounting plugin AndroidDeviceProfileSelector
LogPluginManager: Mounting plugin AndroidMoviePlayer
LogPluginManager: Mounting plugin AndroidPermission
LogPluginManager: Mounting plugin AppleImageUtils
LogPluginManager: Mounting plugin AppleMoviePlayer
LogPluginManager: Mounting plugin ArchVisCharacter
LogPluginManager: Mounting plugin AssetTags
LogPluginManager: Mounting plugin AudioCapture
LogPluginManager: Mounting plugin CableComponent
LogPluginManager: Mounting plugin CustomMeshComponent
LogPluginManager: Mounting plugin EditableMesh
LogPluginManager: Mounting plugin ExampleDeviceProfileSelector
LogPluginManager: Mounting plugin GoogleCloudMessaging
LogPluginManager: Mounting plugin GooglePAD
LogPluginManager: Mounting plugin IOSDeviceProfileSelector
LogPluginManager: Mounting plugin LinuxDeviceProfileSelector
LogPluginManager: Mounting plugin LocationServicesBPLibrary
LogPluginManager: Mounting plugin MobilePatchingUtils
LogPluginManager: Mounting plugin OculusVR
LogPluginManager: Mounting plugin PhysXVehicles
LogPluginManager: Mounting plugin PostSplashScreen
LogPluginManager: Mounting plugin ProceduralMeshComponent
LogPluginManager: Mounting plugin RuntimePhysXCooking
LogPluginManager: Mounting plugin SignificanceManager
LogPluginManager: Mounting plugin SoundFields
LogPluginManager: Mounting plugin SteamVR
LogPluginManager: Mounting plugin Synthesis
LogPluginManager: Mounting plugin WebMMoviePlayer
LogPluginManager: Mounting plugin WindowsMoviePlayer
LogPluginManager: Mounting plugin ScreenshotTools
LogInit: Using libcurl 7.55.1-DEV
LogInit:  - built for x86_64-pc-win32
LogInit:  - supports SSL with OpenSSL/1.1.1
LogInit:  - supports HTTP deflate (compression) using libz 1.2.8
LogInit:  - other features:
LogInit:      CURL_VERSION_SSL
LogInit:      CURL_VERSION_LIBZ
LogInit:      CURL_VERSION_IPV6
LogInit:      CURL_VERSION_ASYNCHDNS
LogInit:      CURL_VERSION_LARGEFILE
LogInit:      CURL_VERSION_IDN
LogInit:  CurlRequestOptions (configurable via config and command line):
LogInit:  - bVerifyPeer = true  - Libcurl will verify peer certificate
LogInit:  - bUseHttpProxy = false  - Libcurl will NOT use HTTP proxy
LogInit:  - bDontReuseConnections = false  - Libcurl will reuse connections
LogInit:  - MaxHostConnections = 16  - Libcurl will limit the number of connections to a host
LogInit:  - LocalHostAddr = Default
LogInit:  - BufferSize = 65536
LogOnline: OSS: Creating online subsystem instance for: NULL
LogInit: WinSock: version 1.1 (2.2), MaxSocks=32767, MaxUdp=65467
LogOnline: OSS: TryLoadSubsystemAndSetDefault: Loaded subsystem for module [NULL]
LogOculusPluginWrapper: OculusPlugin initialized successfully
LogHMD: Failed initializing OVRPlugin 1.44.0
LogInit: Build: ++UE4+Release-4.25-CL-14469661
LogInit: Engine Version: 4.25.4-14469661+++UE4+Release-4.25
LogInit: Compatible Engine Version: 4.25.0-13144385+++UE4+Release-4.25
LogInit: Net CL: 13144385
LogInit: OS: Windows 10 (Release 2004) (), CPU: Intel(R) Core(TM) i7-7820HK CPU @ 2.90GHz, GPU: NVIDIA GeForce GTX 1070
LogInit: Compiled (64-bit): Oct 11 2020 08:10:49
LogInit: Compiled with Visual C++: 19.24.28315.00
LogInit: Build Configuration: Development
LogInit: Branch Name: ++UE4+Release-4.25
LogInit: Command Line:  -EpicPortal -epicusername="Nero Kiryu" -epicuserid=b8e281af5c0e402a9bc6b7da2593d3a3 -epiclocale=fr
LogInit: Base Directory: E:/UnrealEngine/UE_4.25/Engine/Binaries/Win64/
LogInit: Allocator: TBB
LogInit: Installed Engine Build: 1
LogDevObjectVersion: Number of dev versions registered: 26
LogDevObjectVersion:   Dev-Blueprints (B0D832E4-1F89-4F0D-ACCF-7EB736FD4AA2): 10
LogDevObjectVersion:   Dev-Build (E1C64328-A22C-4D53-A36C-8E866417BD8C): 0
LogDevObjectVersion:   Dev-Core (375EC13C-06E4-48FB-B500-84F0262A717E): 4
LogDevObjectVersion:   Dev-Editor (E4B068ED-F494-42E9-A231-DA0B2E46BB41): 38
LogDevObjectVersion:   Dev-Framework (CFFC743F-43B0-4480-9391-14DF171D2073): 37
LogDevObjectVersion:   Dev-Mobile (B02B49B5-BB20-44E9-A304-32B752E40360): 2
LogDevObjectVersion:   Dev-Networking (A4E4105C-59A1-49B5-A7C5-40C4547EDFEE): 0
LogDevObjectVersion:   Dev-Online (39C831C9-5AE6-47DC-9A44-9C173E1C8E7C): 0
LogDevObjectVersion:   Dev-Physics (78F01B33-EBEA-4F98-B9B4-84EACCB95AA2): 4
LogDevObjectVersion:   Dev-Platform (6631380F-2D4D-43E0-8009-CF276956A95A): 0
LogDevObjectVersion:   Dev-Rendering (12F88B9F-8875-4AFC-A67C-D90C383ABD29): 43
LogDevObjectVersion:   Dev-Sequencer (7B5AE74C-D270-4C10-A958-57980B212A5A): 12
LogDevObjectVersion:   Dev-VR (D7296918-1DD6-4BDD-9DE2-64A83CC13884): 3
LogDevObjectVersion:   Dev-LoadTimes (C2A15278-BFE7-4AFE-6C17-90FF531DF755): 1
LogDevObjectVersion:   Private-Geometry (6EACA3D4-40EC-4CC1-B786-8BED09428FC5): 3
LogDevObjectVersion:   Dev-AnimPhys (29E575DD-E0A3-4627-9D10-D276232CDCEA): 17
LogDevObjectVersion:   Dev-Anim (AF43A65D-7FD3-4947-9873-3E8ED9C1BB05): 7
LogDevObjectVersion:   Dev-ReflectionCapture (6B266CEC-1EC7-4B8F-A30B-E4D90942FC07): 1
LogDevObjectVersion:   Dev-Automation (0DF73D61-A23F-47EA-B727-89E90C41499A): 1
LogDevObjectVersion:   FortniteMain (601D1886-AC64-4F84-AA16-D3DE0DEAC7D6): 31
LogDevObjectVersion:   Dev-Enterprise (9DFFBCD6-494F-0158-E221-12823C92A888): 10
LogDevObjectVersion:   Dev-Niagara (F2AED0AC-9AFE-416F-8664-AA7FFA26D6FC): 1
LogDevObjectVersion:   Dev-Destruction (174F1F0B-B4C6-45A5-B13F-2EE8D0FB917D): 10
LogDevObjectVersion:   Dev-Physics-Ext (35F94A83-E258-406C-A318-09F59610247C): 37
LogDevObjectVersion:   Dev-PhysicsMaterial-Chaos (B68FC16E-8B1B-42E2-B453-215C058844FE): 1
LogDevObjectVersion:   Dev-CineCamera (B2E18506-4273-CFC2-A54E-F4BB758BBA07): 1
LogInit: Presizing for max 25165824 objects, including 0 objects not considered by GC, pre-allocating 0 bytes for permanent pool.
LogConfig: Applying CVar settings from Section [/Script/Engine.StreamingSettings] File [E:/Unreal Projects/Vaccum/Vaccum/Saved/Config/Windows/Engine.ini]
LogConfig: Setting CVar [[s.MinBulkDataSizeForAsyncLoading:131072]]
LogConfig: Setting CVar [[s.AsyncLoadingThreadEnabled:0]]
LogConfig: Setting CVar [[s.EventDrivenLoaderEnabled:1]]
LogConfig: Setting CVar [[s.WarnIfTimeLimitExceeded:0]]
LogConfig: Setting CVar [[s.TimeLimitExceededMultiplier:1.5]]
LogConfig: Setting CVar [[s.TimeLimitExceededMinTime:0.005]]
LogConfig: Setting CVar [[s.UseBackgroundLevelStreaming:1]]
LogConfig: Setting CVar [[s.PriorityAsyncLoadingExtraTime:15.0]]
LogConfig: Setting CVar [[s.LevelStreamingActorsUpdateTimeLimit:5.0]]
LogConfig: Setting CVar [[s.PriorityLevelStreamingActorsUpdateExtraTime:5.0]]
LogConfig: Setting CVar [[s.LevelStreamingComponentsRegistrationGranularity:10]]
LogConfig: Setting CVar [[s.UnregisterComponentsTimeLimit:1.0]]
LogConfig: Setting CVar [[s.LevelStreamingComponentsUnregistrationGranularity:5]]
LogConfig: Setting CVar [[s.FlushStreamingOnExit:1]]
LogInit: Object subsystem initialized
LogConfig: Setting CVar [[con.DebugEarlyDefault:1]]
LogConfig: Setting CVar [[r.setres:1280x720]]
[2021.01.07-19.59.41:788][  0]LogConfig: Setting CVar [[r.VSync:0]]
[2021.01.07-19.59.41:788][  0]LogConfig: Setting CVar [[r.RHICmdBypass:0]]
[2021.01.07-19.59.41:788][  0]LogConfig: Applying CVar settings from Section [/Script/Engine.RendererSettings] File [E:/Unreal Projects/Vaccum/Vaccum/Saved/Config/Windows/Engine.ini]
[2021.01.07-19.59.41:788][  0]LogConfig: Setting CVar [[r.GPUCrashDebugging:0]]
[2021.01.07-19.59.41:788][  0]LogConfig: Applying CVar settings from Section [/Script/Engine.RendererOverrideSettings] File [E:/Unreal Projects/Vaccum/Vaccum/Saved/Config/Windows/Engine.ini]
[2021.01.07-19.59.41:788][  0]LogConfig: Applying CVar settings from Section [/Script/Engine.StreamingSettings] File [E:/Unreal Projects/Vaccum/Vaccum/Saved/Config/Windows/Engine.ini]
[2021.01.07-19.59.41:788][  0]LogConfig: Setting CVar [[s.MinBulkDataSizeForAsyncLoading:131072]]
[2021.01.07-19.59.41:788][  0]LogConfig: Setting CVar [[s.AsyncLoadingThreadEnabled:0]]
[2021.01.07-19.59.41:788][  0]LogConfig: Setting CVar [[s.EventDrivenLoaderEnabled:1]]
[2021.01.07-19.59.41:788][  0]LogConfig: Setting CVar [[s.WarnIfTimeLimitExceeded:0]]
[2021.01.07-19.59.41:788][  0]LogConfig: Setting CVar [[s.TimeLimitExceededMultiplier:1.5]]
[2021.01.07-19.59.41:788][  0]LogConfig: Setting CVar [[s.TimeLimitExceededMinTime:0.005]]
[2021.01.07-19.59.41:789][  0]LogConfig: Setting CVar [[s.UseBackgroundLevelStreaming:1]]
[2021.01.07-19.59.41:789][  0]LogConfig: Setting CVar [[s.PriorityAsyncLoadingExtraTime:15.0]]
[2021.01.07-19.59.41:789][  0]LogConfig: Setting CVar [[s.LevelStreamingActorsUpdateTimeLimit:5.0]]
[2021.01.07-19.59.41:789][  0]LogConfig: Setting CVar [[s.PriorityLevelStreamingActorsUpdateExtraTime:5.0]]
[2021.01.07-19.59.41:789][  0]LogConfig: Setting CVar [[s.LevelStreamingComponentsRegistrationGranularity:10]]
[2021.01.07-19.59.41:789][  0]LogConfig: Setting CVar [[s.UnregisterComponentsTimeLimit:1.0]]
[2021.01.07-19.59.41:789][  0]LogConfig: Setting CVar [[s.LevelStreamingComponentsUnregistrationGranularity:5]]
[2021.01.07-19.59.41:789][  0]LogConfig: Setting CVar [[s.FlushStreamingOnExit:1]]
[2021.01.07-19.59.41:789][  0]LogConfig: Applying CVar settings from Section [/Script/Engine.GarbageCollectionSettings] File [E:/Unreal Projects/Vaccum/Vaccum/Saved/Config/Windows/Engine.ini]
[2021.01.07-19.59.41:789][  0]LogConfig: Setting CVar [[gc.MaxObjectsNotConsideredByGC:1]]
[2021.01.07-19.59.41:789][  0]LogConfig: Setting CVar [[gc.SizeOfPermanentObjectPool:0]]
[2021.01.07-19.59.41:789][  0]LogConfig: Setting CVar [[gc.FlushStreamingOnGC:0]]
[2021.01.07-19.59.41:789][  0]LogConfig: Setting CVar [[gc.NumRetriesBeforeForcingGC:10]]
[2021.01.07-19.59.41:789][  0]LogConfig: Setting CVar [[gc.AllowParallelGC:1]]
[2021.01.07-19.59.41:789][  0]LogConfig: Setting CVar [[gc.TimeBetweenPurgingPendingKillObjects:61.1]]
[2021.01.07-19.59.41:789][  0]LogConfig: Setting CVar [[gc.MaxObjectsInEditor:25165824]]
[2021.01.07-19.59.41:789][  0]LogConfig: Setting CVar [[gc.IncrementalBeginDestroyEnabled:1]]
[2021.01.07-19.59.41:789][  0]LogConfig: Setting CVar [[gc.CreateGCClusters:1]]
[2021.01.07-19.59.41:789][  0]LogConfig: Setting CVar [[gc.MinGCClusterSize:5]]
[2021.01.07-19.59.41:789][  0]LogConfig: Setting CVar [[gc.ActorClusteringEnabled:0]]
[2021.01.07-19.59.41:789][  0]LogConfig: Setting CVar [[gc.BlueprintClusteringEnabled:0]]
[2021.01.07-19.59.41:789][  0]LogConfig: Setting CVar [[gc.UseDisregardForGCOnDedicatedServers:0]]
[2021.01.07-19.59.41:789][  0]LogConfig: Applying CVar settings from Section [/Script/Engine.NetworkSettings] File [E:/Unreal Projects/Vaccum/Vaccum/Saved/Config/Windows/Engine.ini]
[2021.01.07-19.59.41:789][  0]LogConfig: Applying CVar settings from Section [/Script/UnrealEd.CookerSettings] File [E:/Unreal Projects/Vaccum/Vaccum/Saved/Config/Windows/Engine.ini]
[2021.01.07-19.59.41:791][  0]LogConfig: Applying CVar settings from Section [ViewDistanceQuality@3] File [E:/Unreal Projects/Vaccum/Vaccum/Saved/Config/Windows/Scalability.ini]
[2021.01.07-19.59.41:791][  0]LogConfig: Setting CVar [[r.SkeletalMeshLODBias:0]]
[2021.01.07-19.59.41:791][  0]LogConfig: Setting CVar [[r.ViewDistanceScale:1.0]]
[2021.01.07-19.59.41:791][  0]LogConfig: Applying CVar settings from Section [AntiAliasingQuality@3] File [E:/Unreal Projects/Vaccum/Vaccum/Saved/Config/Windows/Scalability.ini]
[2021.01.07-19.59.41:791][  0]LogConfig: Setting CVar [[r.PostProcessAAQuality:4]]
[2021.01.07-19.59.41:792][  0]LogConfig: Applying CVar settings from Section [ShadowQuality@3] File [E:/Unreal Projects/Vaccum/Vaccum/Saved/Config/Windows/Scalability.ini]
[2021.01.07-19.59.41:792][  0]LogConfig: Setting CVar [[r.LightFunctionQuality:1]]
[2021.01.07-19.59.41:792][  0]LogConfig: Setting CVar [[r.ShadowQuality:5]]
[2021.01.07-19.59.41:792][  0]LogConfig: Setting CVar [[r.Shadow.CSM.MaxCascades:10]]
[2021.01.07-19.59.41:792][  0]LogConfig: Setting CVar [[r.Shadow.MaxResolution:2048]]
[2021.01.07-19.59.41:792][  0]LogConfig: Setting CVar [[r.Shadow.MaxCSMResolution:2048]]
[2021.01.07-19.59.41:792][  0]LogConfig: Setting CVar [[r.Shadow.RadiusThreshold:0.01]]
[2021.01.07-19.59.41:792][  0]LogConfig: Setting CVar [[r.Shadow.DistanceScale:1.0]]
[2021.01.07-19.59.41:792][  0]LogConfig: Setting CVar [[r.Shadow.CSM.TransitionScale:1.0]]
[2021.01.07-19.59.41:792][  0]LogConfig: Setting CVar [[r.Shadow.PreShadowResolutionFactor:1.0]]
[2021.01.07-19.59.41:792][  0]LogConfig: Setting CVar [[r.DistanceFieldShadowing:1]]
[2021.01.07-19.59.41:792][  0]LogConfig: Setting CVar [[r.DistanceFieldAO:1]]
[2021.01.07-19.59.41:792][  0]LogConfig: Setting CVar [[r.AOQuality:2]]
[2021.01.07-19.59.41:792][  0]LogConfig: Setting CVar [[r.VolumetricFog:1]]
[2021.01.07-19.59.41:792][  0]LogConfig: Setting CVar [[r.VolumetricFog.GridPixelSize:8]]
[2021.01.07-19.59.41:792][  0]LogConfig: Setting CVar [[r.VolumetricFog.GridSizeZ:128]]
[2021.01.07-19.59.41:792][  0]LogConfig: Setting CVar [[r.VolumetricFog.HistoryMissSupersampleCount:4]]
[2021.01.07-19.59.41:792][  0]LogConfig: Setting CVar [[r.LightMaxDrawDistanceScale:1]]
[2021.01.07-19.59.41:792][  0]LogConfig: Setting CVar [[r.CapsuleShadows:1]]
[2021.01.07-19.59.41:792][  0]LogConfig: Applying CVar settings from Section [PostProcessQuality@3] File [E:/Unreal Projects/Vaccum/Vaccum/Saved/Config/Windows/Scalability.ini]
[2021.01.07-19.59.41:792][  0]LogConfig: Setting CVar [[r.MotionBlurQuality:4]]
[2021.01.07-19.59.41:792][  0]LogConfig: Setting CVar [[r.AmbientOcclusionMipLevelFactor:0.4]]
[2021.01.07-19.59.41:792][  0]LogConfig: Setting CVar [[r.AmbientOcclusionMaxQuality:100]]
[2021.01.07-19.59.41:792][  0]LogConfig: Setting CVar [[r.AmbientOcclusionLevels:-1]]
[2021.01.07-19.59.41:792][  0]LogConfig: Setting CVar [[r.AmbientOcclusionRadiusScale:1.0]]
[2021.01.07-19.59.41:792][  0]LogConfig: Setting CVar [[r.DepthOfFieldQuality:2]]
[2021.01.07-19.59.41:792][  0]LogConfig: Setting CVar [[r.RenderTargetPoolMin:400]]
[2021.01.07-19.59.41:792][  0]LogConfig: Setting CVar [[r.LensFlareQuality:2]]
[2021.01.07-19.59.41:792][  0]LogConfig: Setting CVar [[r.SceneColorFringeQuality:1]]
[2021.01.07-19.59.41:792][  0]LogConfig: Setting CVar [[r.EyeAdaptationQuality:2]]
[2021.01.07-19.59.41:792][  0]LogConfig: Setting CVar [[r.BloomQuality:5]]
[2021.01.07-19.59.41:792][  0]LogConfig: Setting CVar [[r.FastBlurThreshold:100]]
[2021.01.07-19.59.41:792][  0]LogConfig: Setting CVar [[r.Upscale.Quality:3]]
[2021.01.07-19.59.41:792][  0]LogConfig: Setting CVar [[r.Tonemapper.GrainQuantization:1]]
[2021.01.07-19.59.41:792][  0]LogConfig: Setting CVar [[r.LightShaftQuality:1]]
[2021.01.07-19.59.41:792][  0]LogConfig: Setting CVar [[r.Filter.SizeScale:1]]
[2021.01.07-19.59.41:792][  0]LogConfig: Setting CVar [[r.Tonemapper.Quality:5]]
[2021.01.07-19.59.41:792][  0]LogConfig: Setting CVar [[r.DOF.Gather.AccumulatorQuality:1        ; higher gathering accumulator quality]]
[2021.01.07-19.59.41:792][  0]LogConfig: Setting CVar [[r.DOF.Gather.PostfilterMethod:1          ; Median3x3 postfilering method]]
[2021.01.07-19.59.41:792][  0]LogConfig: Setting CVar [[r.DOF.Gather.EnableBokehSettings:0       ; no bokeh simulation when gathering]]
[2021.01.07-19.59.41:792][  0]LogConfig: Setting CVar [[r.DOF.Gather.RingCount:4                 ; medium number of samples when gathering]]
[2021.01.07-19.59.41:792][  0]LogConfig: Setting CVar [[r.DOF.Scatter.ForegroundCompositing:1    ; additive foreground scattering]]
[2021.01.07-19.59.41:792][  0]LogConfig: Setting CVar [[r.DOF.Scatter.BackgroundCompositing:2    ; additive background scattering]]
[2021.01.07-19.59.41:792][  0]LogConfig: Setting CVar [[r.DOF.Scatter.EnableBokehSettings:1      ; bokeh simulation when scattering]]
[2021.01.07-19.59.41:792][  0]LogConfig: Setting CVar [[r.DOF.Scatter.MaxSpriteRatio:0.1         ; only a maximum of 10% of scattered bokeh]]
[2021.01.07-19.59.41:792][  0]LogConfig: Setting CVar [[r.DOF.Recombine.Quality:1                ; cheap slight out of focus]]
[2021.01.07-19.59.41:792][  0]LogConfig: Setting CVar [[r.DOF.Recombine.EnableBokehSettings:0    ; no bokeh simulation on slight out of focus]]
[2021.01.07-19.59.41:793][  0]LogConfig: Setting CVar [[r.DOF.TemporalAAQuality:1                ; more stable temporal accumulation]]
[2021.01.07-19.59.41:793][  0]LogConfig: Setting CVar [[r.DOF.Kernel.MaxForegroundRadius:0.025]]
[2021.01.07-19.59.41:793][  0]LogConfig: Setting CVar [[r.DOF.Kernel.MaxBackgroundRadius:0.025]]
[2021.01.07-19.59.41:793][  0]LogConfig: Applying CVar settings from Section [TextureQuality@3] File [E:/Unreal Projects/Vaccum/Vaccum/Saved/Config/Windows/Scalability.ini]
[2021.01.07-19.59.41:793][  0]LogConfig: Setting CVar [[r.Streaming.MipBias:0]]
[2021.01.07-19.59.41:793][  0]LogConfig: Setting CVar [[r.Streaming.AmortizeCPUToGPUCopy:0]]
[2021.01.07-19.59.41:793][  0]LogConfig: Setting CVar [[r.Streaming.MaxNumTexturesToStreamPerFrame:0]]
[2021.01.07-19.59.41:793][  0]LogConfig: Setting CVar [[r.Streaming.Boost:1]]
[2021.01.07-19.59.41:793][  0]LogConfig: Setting CVar [[r.MaxAnisotropy:8]]
[2021.01.07-19.59.41:793][  0]LogConfig: Setting CVar [[r.VT.MaxAnisotropy:8]]
[2021.01.07-19.59.41:793][  0]LogConfig: Setting CVar [[r.Streaming.LimitPoolSizeToVRAM:0]]
[2021.01.07-19.59.41:793][  0]LogConfig: Setting CVar [[r.Streaming.PoolSize:1000]]
[2021.01.07-19.59.41:793][  0]LogConfig: Setting CVar [[r.Streaming.MaxEffectiveScreenSize:0]]
[2021.01.07-19.59.41:793][  0]LogConfig: Applying CVar settings from Section [EffectsQuality@3] File [E:/Unreal Projects/Vaccum/Vaccum/Saved/Config/Windows/Scalability.ini]
[2021.01.07-19.59.41:793][  0]LogConfig: Setting CVar [[r.TranslucencyLightingVolumeDim:64]]
[2021.01.07-19.59.41:793][  0]LogConfig: Setting CVar [[r.RefractionQuality:2]]
[2021.01.07-19.59.41:793][  0]LogConfig: Setting CVar [[r.SSR.Quality:3]]
[2021.01.07-19.59.41:793][  0]LogConfig: Setting CVar [[r.SSR.HalfResSceneColor:0]]
[2021.01.07-19.59.41:793][  0]LogConfig: Setting CVar [[r.SceneColorFormat:4]]
[2021.01.07-19.59.41:793][  0]LogConfig: Setting CVar [[r.DetailMode:2]]
[2021.01.07-19.59.41:793][  0]LogConfig: Setting CVar [[r.TranslucencyVolumeBlur:1]]
[2021.01.07-19.59.41:793][  0]LogConfig: Setting CVar [[r.MaterialQualityLevel:1 ; High quality]]
[2021.01.07-19.59.41:793][  0]LogConfig: Setting CVar [[r.SSS.Scale:1]]
[2021.01.07-19.59.41:793][  0]LogConfig: Setting CVar [[r.SSS.SampleSet:2]]
[2021.01.07-19.59.41:793][  0]LogConfig: Setting CVar [[r.SSS.Quality:1]]
[2021.01.07-19.59.41:794][  0]LogConfig: Setting CVar [[r.SSS.HalfRes:0]]
[2021.01.07-19.59.41:794][  0]LogConfig: Setting CVar [[r.SSGI.Quality:3]]
[2021.01.07-19.59.41:794][  0]LogConfig: Setting CVar [[r.EmitterSpawnRateScale:1.0]]
[2021.01.07-19.59.41:794][  0]LogConfig: Setting CVar [[r.ParticleLightQuality:2]]
[2021.01.07-19.59.41:794][  0]LogConfig: Setting CVar [[r.SkyAtmosphere.AerialPerspectiveLUT.FastApplyOnOpaque:1 ; Always have FastSkyLUT 1 in this case to avoid wrong sky]]
[2021.01.07-19.59.41:794][  0]LogConfig: Setting CVar [[r.SkyAtmosphere.AerialPerspectiveLUT.SampleCountPerSlice:1]]
[2021.01.07-19.59.41:794][  0]LogConfig: Setting CVar [[r.SkyAtmosphere.AerialPerspectiveLUT.DepthResolution:16.0]]
[2021.01.07-19.59.41:794][  0]LogConfig: Setting CVar [[r.SkyAtmosphere.FastSkyLUT:1]]
[2021.01.07-19.59.41:794][  0]LogConfig: Setting CVar [[r.SkyAtmosphere.FastSkyLUT.SampleCountMin:4.0]]
[2021.01.07-19.59.41:794][  0]LogConfig: Setting CVar [[r.SkyAtmosphere.FastSkyLUT.SampleCountMax:32.0]]
[2021.01.07-19.59.41:794][  0]LogConfig: Setting CVar [[r.SkyAtmosphere.SampleCountMin:4.0]]
[2021.01.07-19.59.41:794][  0]LogConfig: Setting CVar [[r.SkyAtmosphere.SampleCountMax:32.0]]
[2021.01.07-19.59.41:794][  0]LogConfig: Setting CVar [[r.SkyAtmosphere.TransmittanceLUT.UseSmallFormat:0]]
[2021.01.07-19.59.41:794][  0]LogConfig: Setting CVar [[r.SkyAtmosphere.TransmittanceLUT.SampleCount:10.0]]
[2021.01.07-19.59.41:794][  0]LogConfig: Setting CVar [[r.SkyAtmosphere.MultiScatteringLUT.SampleCount:15.0]]
[2021.01.07-19.59.41:794][  0]LogConfig: Applying CVar settings from Section [FoliageQuality@3] File [E:/Unreal Projects/Vaccum/Vaccum/Saved/Config/Windows/Scalability.ini]
[2021.01.07-19.59.41:794][  0]LogConfig: Setting CVar [[foliage.DensityScale:1.0]]
[2021.01.07-19.59.41:794][  0]LogConfig: Setting CVar [[grass.DensityScale:1.0]]
[2021.01.07-19.59.41:794][  0]LogConfig: Applying CVar settings from Section [ShadingQuality@3] File [E:/Unreal Projects/Vaccum/Vaccum/Saved/Config/Windows/Scalability.ini]
[2021.01.07-19.59.41:794][  0]LogConfig: Setting CVar [[r.HairStrands.SkyLighting.SampleCount:16]]
[2021.01.07-19.59.41:794][  0]LogConfig: Setting CVar [[r.HairStrands.SkyLighting.JitterIntegration:0]]
[2021.01.07-19.59.41:794][  0]LogConfig: Setting CVar [[r.HairStrands.SkyAO.SampleCount:16]]
[2021.01.07-19.59.41:794][  0]LogConfig: Setting CVar [[r.HairStrands.DeepShadow.SuperSampling:0]]
[2021.01.07-19.59.41:794][  0]LogConfig: Setting CVar [[r.HairStrands.VisibilityPPLL:0]]
[2021.01.07-19.59.41:794][  0]LogConfig: Setting CVar [[r.HairStrands.RasterizationScale:0.5]]
[2021.01.07-19.59.41:794][  0]LogConfig: Setting CVar [[r.HairStrands.VelocityRasterizationScale:1]]
[2021.01.07-19.59.41:794][  0]LogInit: Selected Device Profile: [Windows]
[2021.01.07-19.59.41:794][  0]LogInit: Applying CVar settings loaded from the selected device profile: [Windows]
[2021.01.07-19.59.41:795][  0]LogHAL: Display: Platform has ~ 16 GB [17126498304 / 17179869184 / 16], which maps to Larger [LargestMinGB=32, LargerMinGB=12, DefaultMinGB=8, SmallerMinGB=6, SmallestMinGB=0)
[2021.01.07-19.59.41:795][  0]LogInit: Going up to parent DeviceProfile []
[2021.01.07-19.59.41:795][  0]LogConfig: Applying CVar settings from Section [ViewDistanceQuality@3] File [E:/Unreal Projects/Vaccum/Vaccum/Saved/Config/Windows/Scalability.ini]
[2021.01.07-19.59.41:795][  0]LogConfig: Setting CVar [[r.SkeletalMeshLODBias:0]]
[2021.01.07-19.59.41:795][  0]LogConfig: Setting CVar [[r.ViewDistanceScale:1.0]]
[2021.01.07-19.59.41:795][  0]LogConfig: Applying CVar settings from Section [AntiAliasingQuality@3] File [E:/Unreal Projects/Vaccum/Vaccum/Saved/Config/Windows/Scalability.ini]
[2021.01.07-19.59.41:795][  0]LogConfig: Setting CVar [[r.PostProcessAAQuality:4]]
[2021.01.07-19.59.41:795][  0]LogConfig: Applying CVar settings from Section [ShadowQuality@3] File [E:/Unreal Projects/Vaccum/Vaccum/Saved/Config/Windows/Scalability.ini]
[2021.01.07-19.59.41:795][  0]LogConfig: Setting CVar [[r.LightFunctionQuality:1]]
[2021.01.07-19.59.41:795][  0]LogConfig: Setting CVar [[r.ShadowQuality:5]]
[2021.01.07-19.59.41:795][  0]LogConfig: Setting CVar [[r.Shadow.CSM.MaxCascades:10]]
[2021.01.07-19.59.41:795][  0]LogConfig: Setting CVar [[r.Shadow.MaxResolution:2048]]
[2021.01.07-19.59.41:795][  0]LogConfig: Setting CVar [[r.Shadow.MaxCSMResolution:2048]]
[2021.01.07-19.59.41:795][  0]LogConfig: Setting CVar [[r.Shadow.RadiusThreshold:0.01]]
[2021.01.07-19.59.41:795][  0]LogConfig: Setting CVar [[r.Shadow.DistanceScale:1.0]]
[2021.01.07-19.59.41:795][  0]LogConfig: Setting CVar [[r.Shadow.CSM.TransitionScale:1.0]]
[2021.01.07-19.59.41:795][  0]LogConfig: Setting CVar [[r.Shadow.PreShadowResolutionFactor:1.0]]
[2021.01.07-19.59.41:795][  0]LogConfig: Setting CVar [[r.DistanceFieldShadowing:1]]
[2021.01.07-19.59.41:795][  0]LogConfig: Setting CVar [[r.DistanceFieldAO:1]]
[2021.01.07-19.59.41:795][  0]LogConfig: Setting CVar [[r.AOQuality:2]]
[2021.01.07-19.59.41:795][  0]LogConfig: Setting CVar [[r.VolumetricFog:1]]
[2021.01.07-19.59.41:795][  0]LogConfig: Setting CVar [[r.VolumetricFog.GridPixelSize:8]]
[2021.01.07-19.59.41:795][  0]LogConfig: Setting CVar [[r.VolumetricFog.GridSizeZ:128]]
[2021.01.07-19.59.41:795][  0]LogConfig: Setting CVar [[r.VolumetricFog.HistoryMissSupersampleCount:4]]
[2021.01.07-19.59.41:795][  0]LogConfig: Setting CVar [[r.LightMaxDrawDistanceScale:1]]
[2021.01.07-19.59.41:795][  0]LogConfig: Setting CVar [[r.CapsuleShadows:1]]
[2021.01.07-19.59.41:795][  0]LogConfig: Applying CVar settings from Section [PostProcessQuality@3] File [E:/Unreal Projects/Vaccum/Vaccum/Saved/Config/Windows/Scalability.ini]
[2021.01.07-19.59.41:795][  0]LogConfig: Setting CVar [[r.MotionBlurQuality:4]]
[2021.01.07-19.59.41:795][  0]LogConfig: Setting CVar [[r.AmbientOcclusionMipLevelFactor:0.4]]
[2021.01.07-19.59.41:795][  0]LogConfig: Setting CVar [[r.AmbientOcclusionMaxQuality:100]]
[2021.01.07-19.59.41:795][  0]LogConfig: Setting CVar [[r.AmbientOcclusionLevels:-1]]
[2021.01.07-19.59.41:795][  0]LogConfig: Setting CVar [[r.AmbientOcclusionRadiusScale:1.0]]
[2021.01.07-19.59.41:795][  0]LogConfig: Setting CVar [[r.DepthOfFieldQuality:2]]
[2021.01.07-19.59.41:795][  0]LogConfig: Setting CVar [[r.RenderTargetPoolMin:400]]
[2021.01.07-19.59.41:795][  0]LogConfig: Setting CVar [[r.LensFlareQuality:2]]
[2021.01.07-19.59.41:795][  0]LogConfig: Setting CVar [[r.SceneColorFringeQuality:1]]
[2021.01.07-19.59.41:795][  0]LogConfig: Setting CVar [[r.EyeAdaptationQuality:2]]
[2021.01.07-19.59.41:795][  0]LogConfig: Setting CVar [[r.BloomQuality:5]]
[2021.01.07-19.59.41:795][  0]LogConfig: Setting CVar [[r.FastBlurThreshold:100]]
[2021.01.07-19.59.41:795][  0]LogConfig: Setting CVar [[r.Upscale.Quality:3]]
[2021.01.07-19.59.41:795][  0]LogConfig: Setting CVar [[r.Tonemapper.GrainQuantization:1]]
[2021.01.07-19.59.41:795][  0]LogConfig: Setting CVar [[r.LightShaftQuality:1]]
[2021.01.07-19.59.41:795][  0]LogConfig: Setting CVar [[r.Filter.SizeScale:1]]
[2021.01.07-19.59.41:795][  0]LogConfig: Setting CVar [[r.Tonemapper.Quality:5]]
[2021.01.07-19.59.41:795][  0]LogConfig: Setting CVar [[r.DOF.Gather.AccumulatorQuality:1        ; higher gathering accumulator quality]]
[2021.01.07-19.59.41:795][  0]LogConfig: Setting CVar [[r.DOF.Gather.PostfilterMethod:1          ; Median3x3 postfilering method]]
[2021.01.07-19.59.41:795][  0]LogConfig: Setting CVar [[r.DOF.Gather.EnableBokehSettings:0       ; no bokeh simulation when gathering]]
[2021.01.07-19.59.41:795][  0]LogConfig: Setting CVar [[r.DOF.Gather.RingCount:4                 ; medium number of samples when gathering]]
[2021.01.07-19.59.41:796][  0]LogConfig: Setting CVar [[r.DOF.Scatter.ForegroundCompositing:1    ; additive foreground scattering]]
[2021.01.07-19.59.41:796][  0]LogConfig: Setting CVar [[r.DOF.Scatter.BackgroundCompositing:2    ; additive background scattering]]
[2021.01.07-19.59.41:796][  0]LogConfig: Setting CVar [[r.DOF.Scatter.EnableBokehSettings:1      ; bokeh simulation when scattering]]
[2021.01.07-19.59.41:796][  0]LogConfig: Setting CVar [[r.DOF.Scatter.MaxSpriteRatio:0.1         ; only a maximum of 10% of scattered bokeh]]
[2021.01.07-19.59.41:796][  0]LogConfig: Setting CVar [[r.DOF.Recombine.Quality:1                ; cheap slight out of focus]]
[2021.01.07-19.59.41:796][  0]LogConfig: Setting CVar [[r.DOF.Recombine.EnableBokehSettings:0    ; no bokeh simulation on slight out of focus]]
[2021.01.07-19.59.41:796][  0]LogConfig: Setting CVar [[r.DOF.TemporalAAQuality:1                ; more stable temporal accumulation]]
[2021.01.07-19.59.41:796][  0]LogConfig: Setting CVar [[r.DOF.Kernel.MaxForegroundRadius:0.025]]
[2021.01.07-19.59.41:796][  0]LogConfig: Setting CVar [[r.DOF.Kernel.MaxBackgroundRadius:0.025]]
[2021.01.07-19.59.41:796][  0]LogConfig: Applying CVar settings from Section [TextureQuality@3] File [E:/Unreal Projects/Vaccum/Vaccum/Saved/Config/Windows/Scalability.ini]
[2021.01.07-19.59.41:796][  0]LogConfig: Setting CVar [[r.Streaming.MipBias:0]]
[2021.01.07-19.59.41:796][  0]LogConfig: Setting CVar [[r.Streaming.AmortizeCPUToGPUCopy:0]]
[2021.01.07-19.59.41:796][  0]LogConfig: Setting CVar [[r.Streaming.MaxNumTexturesToStreamPerFrame:0]]
[2021.01.07-19.59.41:796][  0]LogConfig: Setting CVar [[r.Streaming.Boost:1]]
[2021.01.07-19.59.41:796][  0]LogConfig: Setting CVar [[r.MaxAnisotropy:8]]
[2021.01.07-19.59.41:796][  0]LogConfig: Setting CVar [[r.VT.MaxAnisotropy:8]]
[2021.01.07-19.59.41:796][  0]LogConfig: Setting CVar [[r.Streaming.LimitPoolSizeToVRAM:0]]
[2021.01.07-19.59.41:796][  0]LogConfig: Setting CVar [[r.Streaming.PoolSize:1000]]
[2021.01.07-19.59.41:796][  0]LogConfig: Setting CVar [[r.Streaming.MaxEffectiveScreenSize:0]]
[2021.01.07-19.59.41:796][  0]LogConfig: Applying CVar settings from Section [EffectsQuality@3] File [E:/Unreal Projects/Vaccum/Vaccum/Saved/Config/Windows/Scalability.ini]
[2021.01.07-19.59.41:796][  0]LogConfig: Setting CVar [[r.TranslucencyLightingVolumeDim:64]]
[2021.01.07-19.59.41:796][  0]LogConfig: Setting CVar [[r.RefractionQuality:2]]
[2021.01.07-19.59.41:796][  0]LogConfig: Setting CVar [[r.SSR.Quality:3]]
[2021.01.07-19.59.41:796][  0]LogConfig: Setting CVar [[r.SSR.HalfResSceneColor:0]]
[2021.01.07-19.59.41:796][  0]LogConfig: Setting CVar [[r.SceneColorFormat:4]]
[2021.01.07-19.59.41:796][  0]LogConfig: Setting CVar [[r.DetailMode:2]]
[2021.01.07-19.59.41:796][  0]LogConfig: Setting CVar [[r.TranslucencyVolumeBlur:1]]
[2021.01.07-19.59.41:796][  0]LogConfig: Setting CVar [[r.MaterialQualityLevel:1 ; High quality]]
[2021.01.07-19.59.41:796][  0]LogConfig: Setting CVar [[r.SSS.Scale:1]]
[2021.01.07-19.59.41:796][  0]LogConfig: Setting CVar [[r.SSS.SampleSet:2]]
[2021.01.07-19.59.41:796][  0]LogConfig: Setting CVar [[r.SSS.Quality:1]]
[2021.01.07-19.59.41:796][  0]LogConfig: Setting CVar [[r.SSS.HalfRes:0]]
[2021.01.07-19.59.41:796][  0]LogConfig: Setting CVar [[r.SSGI.Quality:3]]
[2021.01.07-19.59.41:796][  0]LogConfig: Setting CVar [[r.EmitterSpawnRateScale:1.0]]
[2021.01.07-19.59.41:796][  0]LogConfig: Setting CVar [[r.ParticleLightQuality:2]]
[2021.01.07-19.59.41:796][  0]LogConfig: Setting CVar [[r.SkyAtmosphere.AerialPerspectiveLUT.FastApplyOnOpaque:1 ; Always have FastSkyLUT 1 in this case to avoid wrong sky]]
[2021.01.07-19.59.41:796][  0]LogConfig: Setting CVar [[r.SkyAtmosphere.AerialPerspectiveLUT.SampleCountPerSlice:1]]
[2021.01.07-19.59.41:796][  0]LogConfig: Setting CVar [[r.SkyAtmosphere.AerialPerspectiveLUT.DepthResolution:16.0]]
[2021.01.07-19.59.41:796][  0]LogConfig: Setting CVar [[r.SkyAtmosphere.FastSkyLUT:1]]
[2021.01.07-19.59.41:796][  0]LogConfig: Setting CVar [[r.SkyAtmosphere.FastSkyLUT.SampleCountMin:4.0]]
[2021.01.07-19.59.41:796][  0]LogConfig: Setting CVar [[r.SkyAtmosphere.FastSkyLUT.SampleCountMax:32.0]]
[2021.01.07-19.59.41:796][  0]LogConfig: Setting CVar [[r.SkyAtmosphere.SampleCountMin:4.0]]
[2021.01.07-19.59.41:796][  0]LogConfig: Setting CVar [[r.SkyAtmosphere.SampleCountMax:32.0]]
[2021.01.07-19.59.41:796][  0]LogConfig: Setting CVar [[r.SkyAtmosphere.TransmittanceLUT.UseSmallFormat:0]]
[2021.01.07-19.59.41:796][  0]LogConfig: Setting CVar [[r.SkyAtmosphere.TransmittanceLUT.SampleCount:10.0]]
[2021.01.07-19.59.41:796][  0]LogConfig: Setting CVar [[r.SkyAtmosphere.MultiScatteringLUT.SampleCount:15.0]]
[2021.01.07-19.59.41:796][  0]LogConfig: Applying CVar settings from Section [FoliageQuality@3] File [E:/Unreal Projects/Vaccum/Vaccum/Saved/Config/Windows/Scalability.ini]
[2021.01.07-19.59.41:796][  0]LogConfig: Setting CVar [[foliage.DensityScale:1.0]]
[2021.01.07-19.59.41:796][  0]LogConfig: Setting CVar [[grass.DensityScale:1.0]]
[2021.01.07-19.59.41:796][  0]LogConfig: Applying CVar settings from Section [ShadingQuality@3] File [E:/Unreal Projects/Vaccum/Vaccum/Saved/Config/Windows/Scalability.ini]
[2021.01.07-19.59.41:796][  0]LogConfig: Setting CVar [[r.HairStrands.SkyLighting.SampleCount:16]]
[2021.01.07-19.59.41:796][  0]LogConfig: Setting CVar [[r.HairStrands.SkyLighting.JitterIntegration:0]]
[2021.01.07-19.59.41:796][  0]LogConfig: Setting CVar [[r.HairStrands.SkyAO.SampleCount:16]]
[2021.01.07-19.59.41:796][  0]LogConfig: Setting CVar [[r.HairStrands.DeepShadow.SuperSampling:0]]
[2021.01.07-19.59.41:796][  0]LogConfig: Setting CVar [[r.HairStrands.VisibilityPPLL:0]]
[2021.01.07-19.59.41:797][  0]LogConfig: Setting CVar [[r.HairStrands.RasterizationScale:0.5]]
[2021.01.07-19.59.41:797][  0]LogConfig: Setting CVar [[r.HairStrands.VelocityRasterizationScale:1]]
[2021.01.07-19.59.41:797][  0]LogConfig: Applying CVar settings from Section [Startup] File [../../../Engine/Config/ConsoleVariables.ini]
[2021.01.07-19.59.41:797][  0]LogConfig: Setting CVar [[net.UseAdaptiveNetUpdateFrequency:0]]
[2021.01.07-19.59.41:797][  0]LogConfig: Setting CVar [[p.chaos.AllowCreatePhysxBodies:1]]
[2021.01.07-19.59.41:797][  0]LogConfig: Setting CVar [[fx.SkipVectorVMBackendOptimizations:1]]
[2021.01.07-19.59.41:797][  0]LogConfig: Applying CVar settings from Section [ConsoleVariables] File [E:/Unreal Projects/Vaccum/Vaccum/Saved/Config/Windows/Engine.ini]
[2021.01.07-19.59.41:797][  0]LogInit: Computer: DESKTOP-89FG65Q
[2021.01.07-19.59.41:797][  0]LogInit: User: Nero
[2021.01.07-19.59.41:797][  0]LogInit: CPU Page size=4096, Cores=4
[2021.01.07-19.59.41:797][  0]LogInit: High frequency timer resolution =10.000000 MHz
[2021.01.07-19.59.41:798][  0]LogMemory: Memory total: Physical=16.0GB (16GB approx)
[2021.01.07-19.59.41:798][  0]LogMemory: Platform Memory Stats for Windows
[2021.01.07-19.59.41:798][  0]LogMemory: Process Physical Memory: 117.58 MB used, 117.58 MB peak
[2021.01.07-19.59.41:798][  0]LogMemory: Process Virtual Memory: 99.97 MB used, 99.97 MB peak
[2021.01.07-19.59.41:798][  0]LogMemory: Physical Memory: 13425.93 MB used,  2907.17 MB free, 16333.10 MB total
[2021.01.07-19.59.41:798][  0]LogMemory: Virtual Memory: 5186.43 MB used,  134212544.00 MB free, 134217728.00 MB total
[2021.01.07-19.59.41:805][  0]LogWindows: WindowsPlatformFeatures enabled
[2021.01.07-19.59.41:870][  0]LogInit: Physics initialised using underlying interface: PhysX
[2021.01.07-19.59.41:871][  0]LogInit: Using OS detected language (fr-FR).
[2021.01.07-19.59.41:871][  0]LogInit: Using OS detected locale (fr-FR).
[2021.01.07-19.59.41:872][  0]LogTextLocalizationManager: No specific localization for 'fr-FR' exists, so the 'fr' localization will be used.
[2021.01.07-19.59.41:872][  0]LogTextLocalizationResource: LocRes '../../../Engine/Content/Localization/Editor/fr/Editor.locres' could not be opened for reading!
[2021.01.07-19.59.41:873][  0]LogTextLocalizationResource: LocRes '../../../Engine/Content/Localization/EditorTutorials/fr/EditorTutorials.locres' could not be opened for reading!
[2021.01.07-19.59.41:873][  0]LogTextLocalizationResource: LocRes '../../../Engine/Content/Localization/Keywords/fr/Keywords.locres' could not be opened for reading!
[2021.01.07-19.59.41:873][  0]LogTextLocalizationResource: LocRes '../../../Engine/Content/Localization/Category/fr/Category.locres' could not be opened for reading!
[2021.01.07-19.59.41:873][  0]LogTextLocalizationResource: LocRes '../../../Engine/Content/Localization/ToolTips/fr/ToolTips.locres' could not be opened for reading!
[2021.01.07-19.59.41:873][  0]LogTextLocalizationResource: LocRes '../../../Engine/Content/Localization/PropertyNames/fr/PropertyNames.locres' could not be opened for reading!
[2021.01.07-19.59.41:873][  0]LogTextLocalizationResource: LocRes '../../../Engine/Content/Localization/Engine/fr/Engine.locres' could not be opened for reading!
[2021.01.07-19.59.41:873][  0]LogInit: Setting process to per monitor DPI aware
[2021.01.07-19.59.41:934][  0]LogSlate: New Slate User Created.  User Index 0, Is Virtual User: 0
[2021.01.07-19.59.41:934][  0]LogSlate: Slate User Registered.  User Index 0, Is Virtual User: 0
[2021.01.07-19.59.47:857][  0]LogHMD: Failed to initialize OpenVR with code 108
[2021.01.07-19.59.47:857][  0]LogD3D11RHI: D3D11 min allowed feature level: 11_0
[2021.01.07-19.59.47:857][  0]LogD3D11RHI: D3D11 max allowed feature level: 11_0
[2021.01.07-19.59.47:857][  0]LogD3D11RHI: D3D11 adapters:
[2021.01.07-19.59.48:045][  0]LogD3D11RHI:    0. 'NVIDIA GeForce GTX 1070' (Feature Level 11_0)
[2021.01.07-19.59.48:045][  0]LogD3D11RHI:       8081/0/8166 MB DedicatedVideo/DedicatedSystem/SharedSystem, Outputs:1, VendorId:0x10de
[2021.01.07-19.59.48:048][  0]LogD3D11RHI:    1. 'Microsoft Basic Render Driver' (Feature Level 11_0)
[2021.01.07-19.59.48:048][  0]LogD3D11RHI:       0/0/8166 MB DedicatedVideo/DedicatedSystem/SharedSystem, Outputs:0, VendorId:0x1414
[2021.01.07-19.59.48:048][  0]LogD3D11RHI: Chosen D3D11 Adapter: 0
[2021.01.07-19.59.48:064][  0]LogD3D11RHI: Creating new Direct3DDevice
[2021.01.07-19.59.48:064][  0]LogD3D11RHI:     GPU DeviceId: 0x1be1 (for the marketing name, search the web for "GPU Device Id")
[2021.01.07-19.59.48:064][  0]LogWindows: EnumDisplayDevices:
[2021.01.07-19.59.48:065][  0]LogWindows:    0. 'NVIDIA GeForce GTX 1070' (P:1 D:1)
[2021.01.07-19.59.48:065][  0]LogWindows:    1. 'NVIDIA GeForce GTX 1070' (P:0 D:0)
[2021.01.07-19.59.48:066][  0]LogWindows:    2. 'NVIDIA GeForce GTX 1070' (P:0 D:0)
[2021.01.07-19.59.48:066][  0]LogWindows:    3. 'NVIDIA GeForce GTX 1070' (P:0 D:0)
[2021.01.07-19.59.48:066][  0]LogWindows: DebugString: FoundDriverCount:4 
[2021.01.07-19.59.48:066][  0]LogD3D11RHI:     Adapter Name: NVIDIA GeForce GTX 1070
[2021.01.07-19.59.48:066][  0]LogD3D11RHI:   Driver Version: 460.89 (internal:27.21.14.6089, unified:460.89)
[2021.01.07-19.59.48:066][  0]LogD3D11RHI:      Driver Date: 12-11-2020
[2021.01.07-19.59.48:066][  0]LogRHI: Texture pool is 5656 MB (70% of 8081 MB)
[2021.01.07-19.59.48:228][  0]LogD3D11RHI: RHI has support for 64 bit atomics
[2021.01.07-19.59.48:229][  0]LogD3D11RHI: Async texture creation enabled
[2021.01.07-19.59.48:229][  0]LogD3D11RHI: Array index from any shader is supported
[2021.01.07-19.59.48:254][  0]LogD3D11RHI: GPU Timing Frequency: 1000.000000 (Debug: 2 1)
[2021.01.07-19.59.48:993][  0]LogTargetPlatformManager: Display: Loaded TargetPlatform 'AllDesktop'
[2021.01.07-19.59.49:056][  0]LogTargetPlatformManager: Display: Loaded TargetPlatform 'Android'
[2021.01.07-19.59.49:056][  0]LogTargetPlatformManager: Display: Loaded TargetPlatform 'Android_ASTC'
[2021.01.07-19.59.49:056][  0]LogTargetPlatformManager: Display: Loaded TargetPlatform 'Android_DXT'
[2021.01.07-19.59.49:056][  0]LogTargetPlatformManager: Display: Loaded TargetPlatform 'Android_ETC2'
[2021.01.07-19.59.49:056][  0]LogTargetPlatformManager: Display: Loaded TargetPlatform 'AndroidClient'
[2021.01.07-19.59.49:056][  0]LogTargetPlatformManager: Display: Loaded TargetPlatform 'Android_ASTCClient'
[2021.01.07-19.59.49:056][  0]LogTargetPlatformManager: Display: Loaded TargetPlatform 'Android_DXTClient'
[2021.01.07-19.59.49:056][  0]LogTargetPlatformManager: Display: Loaded TargetPlatform 'Android_ETC2Client'
[2021.01.07-19.59.49:056][  0]LogTargetPlatformManager: Display: Loaded TargetPlatform 'Android_Multi'
[2021.01.07-19.59.49:056][  0]LogTargetPlatformManager: Display: Loaded TargetPlatform 'Android_MultiClient'
[2021.01.07-19.59.49:106][  0]LogTargetPlatformManager: Display: Loaded TargetPlatform 'IOSClient'
[2021.01.07-19.59.49:106][  0]LogTargetPlatformManager: Display: Loaded TargetPlatform 'IOS'
[2021.01.07-19.59.49:126][  0]LogTargetPlatformManager: Display: Loaded TargetPlatform 'Linux'
[2021.01.07-19.59.49:150][  0]LogTargetPlatformManager: Display: Loaded TargetPlatform 'LinuxNoEditor'
[2021.01.07-19.59.49:173][  0]LogTargetPlatformManager: Display: Loaded TargetPlatform 'LinuxClient'
[2021.01.07-19.59.49:193][  0]LogTargetPlatformManager: Display: Loaded TargetPlatform 'LinuxServer'
[2021.01.07-19.59.49:217][  0]LogTargetPlatformManager: Display: Loaded TargetPlatform 'LinuxAArch64NoEditor'
[2021.01.07-19.59.49:242][  0]LogTargetPlatformManager: Display: Loaded TargetPlatform 'LinuxAArch64Client'
[2021.01.07-19.59.49:265][  0]LogTargetPlatformManager: Display: Loaded TargetPlatform 'LinuxAArch64Server'
[2021.01.07-19.59.49:332][  0]LogTargetPlatformManager: Display: Loaded TargetPlatform 'Lumin'
[2021.01.07-19.59.49:332][  0]LogTargetPlatformManager: Display: Loaded TargetPlatform 'LuminClient'
[2021.01.07-19.59.49:372][  0]LogTargetPlatformManager: Display: Loaded TargetPlatform 'TVOSClient'
[2021.01.07-19.59.49:372][  0]LogTargetPlatformManager: Display: Loaded TargetPlatform 'TVOS'
[2021.01.07-19.59.49:396][  0]LogTargetPlatformManager: Display: Loaded TargetPlatform 'WindowsNoEditor'
[2021.01.07-19.59.49:421][  0]LogTargetPlatformManager: Display: Loaded TargetPlatform 'Windows'
[2021.01.07-19.59.49:445][  0]LogTargetPlatformManager: Display: Loaded TargetPlatform 'WindowsClient'
[2021.01.07-19.59.49:466][  0]LogTargetPlatformManager: Display: Loaded TargetPlatform 'WindowsServer'
[2021.01.07-19.59.49:466][  0]LogTargetPlatformManager: Display: Building Assets For Windows
[2021.01.07-19.59.49:481][  0]LogAudioDebug: Display: Lib vorbis DLL was dynamically loaded.
[2021.01.07-19.59.49:606][  0]LogShaderCompilers: Guid format shader working directory is 0 characters bigger than the processId version (../../../../../Unreal Projects/Vaccum/Vaccum/Intermediate/Shaders/WorkingDirectory/28652/).
[2021.01.07-19.59.49:607][  0]LogShaderCompilers: Cleaned the shader compiler working directory 'C:/Users/Nero/AppData/Local/Temp/UnrealShaderWorkingDir/14F2050144F7FA783F84DA9EF3318CD4/'.
[2021.01.07-19.59.49:608][  0]LogXGEController: Cannot use XGE Controller as Incredibuild is not installed on this machine.
[2021.01.07-19.59.49:608][  0]LogShaderCompilers: Cannot use XGE Shader Compiler as Incredibuild is not installed on this machine.
[2021.01.07-19.59.49:608][  0]LogShaderCompilers: Display: Using Local Shader Compiler.
[2021.01.07-19.59.51:227][  0]LogDerivedDataCache: Display: Max Cache Size: 512 MB
[2021.01.07-19.59.51:327][  0]LogDerivedDataCache: Loaded boot cache 0.10s 81MB C:/Users/Nero/AppData/Local/UnrealEngine/4.25/DerivedDataCache/Boot.ddc.
[2021.01.07-19.59.51:327][  0]LogDerivedDataCache: Display: Loaded Boot cache: C:/Users/Nero/AppData/Local/UnrealEngine/4.25/DerivedDataCache/Boot.ddc
[2021.01.07-19.59.51:327][  0]LogDerivedDataCache: FDerivedDataBackendGraph:  Pak pak cache file ../../../../../Unreal Projects/Vaccum/Vaccum/DerivedDataCache/DDC.ddp not found, will not use a pak cache.
[2021.01.07-19.59.51:327][  0]LogDerivedDataCache: Unable to find inner node Pak for hierarchical cache Hierarchy.
[2021.01.07-19.59.51:328][  0]LogDerivedDataCache: FDerivedDataBackendGraph:  CompressedPak pak cache file ../../../../../Unreal Projects/Vaccum/Vaccum/DerivedDataCache/Compressed.ddp not found, will not use a pak cache.
[2021.01.07-19.59.51:328][  0]LogDerivedDataCache: Unable to find inner node CompressedPak for hierarchical cache Hierarchy.
[2021.01.07-19.59.51:349][  0]LogDerivedDataCache: Display: Pak cache opened for reading ../../../Engine/DerivedDataCache/Compressed.ddp.
[2021.01.07-19.59.51:349][  0]LogDerivedDataCache: FDerivedDataBackendGraph:  EnterprisePak pak cache file ../../../Enterprise/DerivedDataCache/Compressed.ddp not found, will not use a pak cache.
[2021.01.07-19.59.51:349][  0]LogDerivedDataCache: Unable to find inner node EnterprisePak for hierarchical cache Hierarchy.
[2021.01.07-19.59.51:351][  0]LogDerivedDataCache: Using Local data cache path C:/Users/Nero/AppData/Local/UnrealEngine/Common/DerivedDataCache: Writable
[2021.01.07-19.59.51:351][  0]LogDerivedDataCache: Shared data cache path not found in *engine.ini, will not use an Shared cache.
[2021.01.07-19.59.51:351][  0]LogDerivedDataCache: Unable to find inner node Shared for hierarchical cache Hierarchy.
[2021.01.07-19.59.51:461][  0]LogSlate: Using FreeType 2.10.0
[2021.01.07-19.59.51:462][  0]LogSlate: SlateFontServices - WITH_FREETYPE: 1, WITH_HARFBUZZ: 1
[2021.01.07-19.59.51:521][  0]LogAssetRegistry: FAssetRegistry took 0.0039 seconds to start up
[2021.01.07-19.59.52:068][  0]LogInit: Selected Device Profile: [Windows]
[2021.01.07-19.59.52:285][  0]LogMeshReduction: Using QuadricMeshReduction for automatic static mesh reduction
[2021.01.07-19.59.52:285][  0]LogMeshReduction: Using SimplygonMeshReduction for automatic skeletal mesh reduction
[2021.01.07-19.59.52:285][  0]LogMeshReduction: Using ProxyLODMeshReduction for automatic mesh merging
[2021.01.07-19.59.52:285][  0]LogMeshReduction: No distributed automatic mesh merging module available
[2021.01.07-19.59.52:286][  0]LogMeshMerging: No distributed automatic mesh merging module available
[2021.01.07-19.59.52:317][  0]LogNetVersion: Vaccum 1.0.0, NetCL: 13144385, EngineNetVer: 14, GameNetVer: 0 (Checksum: 3186897095)
[2021.01.07-19.59.53:119][  0]LogAISub: UAISubsystem::UAISubsystem AISubsystem (0000018F9C4F1800), frame # 0
[2021.01.07-19.59.53:119][  0]LogAISub: UAISubsystem::UAISubsystem AIPerceptionSystem (0000018F9D356AC0), frame # 0
[2021.01.07-19.59.53:121][  0]LogAISub: UAISubsystem::UAISubsystem EnvQueryManager (0000018F9D3C6000), frame # 0
[2021.01.07-19.59.53:201][  0]LogPackageLocalizationCache: Processed 19 localized package path(s) for 1 prioritized culture(s) in 0.070425 seconds
[2021.01.07-19.59.53:213][  0]LogUObjectArray: 15917 objects as part of root set at end of initial load.
[2021.01.07-19.59.53:213][  0]LogUObjectAllocator: 3965568 out of 0 bytes used by permanent object pool.
[2021.01.07-19.59.53:213][  0]LogUObjectArray: CloseDisregardForGC: 0/0 objects in disregard for GC pool
[2021.01.07-19.59.53:741][  0]LogTcpMessaging: Initializing TcpMessaging bridge
[2021.01.07-19.59.53:815][  0]LogUdpMessaging: Initializing bridge on interface 0.0.0.0:0 to multicast group 230.0.0.1:6666.
[2021.01.07-19.59.53:930][  0]SourceControl: Source control is disabled
[2021.01.07-19.59.53:930][  0]SourceControl: Source control is disabled
[2021.01.07-19.59.53:937][  0]SourceControl: Source control is disabled
[2021.01.07-19.59.53:943][  0]SourceControl: Source control is disabled
[2021.01.07-19.59.53:955][  0]SourceControl: Source control is disabled
[2021.01.07-19.59.54:339][  0]LogAndroidPermission: UAndroidPermissionCallbackProxy::GetInstance
[2021.01.07-19.59.54:364][  0]LogAudioCaptureCore: Display: No Audio Capture implementations found. Audio input will be silent.
[2021.01.07-19.59.54:364][  0]LogAudioCaptureCore: Display: No Audio Capture implementations found. Audio input will be silent.
[2021.01.07-19.59.54:435][  0]LogOcInput: OculusInput pre-init called
[2021.01.07-19.59.54:862][  0]LogEngine: Initializing Engine...
[2021.01.07-19.59.54:932][  0]LogHMD: Failed to initialize OpenVR with code 119
[2021.01.07-19.59.54:932][  0]LogMagicLeap: Warning: VR disabled because ZI is not enabled.  To enable, in the editor, Edit -> Project Settings -> Plugins -> Magic Leap Plugin -> Enable Zero Iteration
[2021.01.07-19.59.54:933][  0]LogStats: UGameplayTagsManager::InitializeManager -  0.000 s
[2021.01.07-19.59.55:131][  0]LogInit: Initializing FReadOnlyCVARCache
[2021.01.07-19.59.55:143][  0]LogAIModule: Creating AISystem for world Untitled
[2021.01.07-19.59.55:143][  0]LogAISub: UAISubsystem::UAISubsystem EnvQueryManager (0000018FA673BC00), frame # 0
[2021.01.07-19.59.55:143][  0]LogAISub: UAISubsystem::UAISubsystem AIPerceptionSystem (0000018FA6775F80), frame # 0
[2021.01.07-19.59.55:190][  0]LogAudioMixer: Display: Audio Mixer Platform Settings:
[2021.01.07-19.59.55:190][  0]LogAudioMixer: Display: 	Sample Rate:						  48000
[2021.01.07-19.59.55:190][  0]LogAudioMixer: Display: 	Callback Buffer Frame Size Requested: 1024
[2021.01.07-19.59.55:190][  0]LogAudioMixer: Display: 	Callback Buffer Frame Size To Use:	  1024
[2021.01.07-19.59.55:190][  0]LogAudioMixer: Display: 	Number of buffers to queue:			  2
[2021.01.07-19.59.55:190][  0]LogAudioMixer: Display: 	Max Channels (voices):				  32
[2021.01.07-19.59.55:190][  0]LogAudioMixer: Display: 	Number of Async Source Workers:		  0
[2021.01.07-19.59.55:190][  0]LogAudio: Display: AudioDevice MaxSources: 32
[2021.01.07-19.59.55:191][  0]LogAudio: Display: Using built-in audio occlusion.
[2021.01.07-19.59.55:191][  0]LogAudioMixer: Display: Initializing audio mixer.
[2021.01.07-19.59.55:230][  0]LogAudioMixer: Display: 0: FrontLeft
[2021.01.07-19.59.55:230][  0]LogAudioMixer: Display: 1: FrontRight
[2021.01.07-19.59.55:356][  0]LogAudioMixer: Display: Using Audio Device Casque (Arctis Pro Wireless Game)
[2021.01.07-19.59.55:364][  0]LogAudioMixer: Display: Initializing Sound Submixes...
[2021.01.07-19.59.55:367][  0]LogAudioMixer: Display: Creating Master Submix 'MasterSubmixDefault'
[2021.01.07-19.59.55:367][  0]LogAudioMixer: Display: Creating Master Submix 'MasterReverbSubmixDefault'
[2021.01.07-19.59.55:367][  0]LogAudioMixer: Display: Creating Master Submix 'MasterEQSubmixDefault'
[2021.01.07-19.59.55:370][  0]LogInit: FAudioDevice initialized.
[2021.01.07-19.59.55:371][  0]LogNetVersion: Set ProjectVersion to 1.0.0.0. Version Checksum will be recalculated on next use.
[2021.01.07-19.59.55:453][  0]LogDerivedDataCache: Saved boot cache 0.08s 79MB C:/Users/Nero/AppData/Local/UnrealEngine/4.25/DerivedDataCache/Boot.ddc.
[2021.01.07-19.59.55:461][  0]LogInit: Texture streaming: Enabled
[2021.01.07-19.59.55:484][  0]LogEngineSessionManager: EngineSessionManager initialized
[2021.01.07-19.59.55:484][  0]LogEditorSessionSummary: Verbose: Initializing EditorSessionSummaryWriter for editor session tracking
[2021.01.07-19.59.55:488][  0]LogEditorSessionSummary: EditorSessionSummaryWriter initialized
[2021.01.07-19.59.55:526][  0]LogInit: Transaction tracking system initialized
[2021.01.07-19.59.55:566][  0]BlueprintLog: New page: Editor Load
[2021.01.07-19.59.55:717][  0]LocalizationService: Localization service is disabled
[2021.01.07-19.59.55:976][  0]LogCook: Display: Max memory allowance for cook 16384mb min free memory 0mb
[2021.01.07-19.59.55:977][  0]LogFileCache: Scanning file cache for directory 'E:/Unreal Projects/Vaccum/Vaccum/Content/' took 0.00s
[2021.01.07-19.59.55:977][  0]LogCook: Display: Mobile HDR setting 1
[2021.01.07-19.59.56:541][  0]SourceControl: Source control is disabled
[2021.01.07-19.59.56:541][  0]LogUnrealEdMisc: Loading editor; pre map load, took 17.478
[2021.01.07-19.59.56:541][  0]Cmd: MAP LOAD FILE="../../../Engine/Content/Maps/Templates/Template_Default.umap" TEMPLATE=1 SHOWPROGRESS=1 FEATURELEVEL=3
[2021.01.07-19.59.56:541][  0]LightingResults: New page: Lighting Build
[2021.01.07-19.59.56:542][  0]LogWorld: UWorld::CleanupWorld for Untitled, bSessionEnded=true, bCleanupResources=true
[2021.01.07-19.59.56:542][  0]LogSlate: InvalidateAllWidgets triggered.  All widgets were invalidated
[2021.01.07-19.59.56:542][  0]MapCheck: New page: Map Check
[2021.01.07-19.59.56:542][  0]LightingResults: New page: Lighting Build
[2021.01.07-19.59.56:556][  0]LogAISub: UAISubsystem::~UAISubsystem EnvQueryManager (0000018FA673BC00), frame # 0
[2021.01.07-19.59.56:556][  0]LogAISub: UAISubsystem::~UAISubsystem AIPerceptionSystem (0000018FA6775F80), frame # 0
[2021.01.07-19.59.56:557][  0]LogUObjectHash: Compacting FUObjectHashTables data took   0.99ms
[2021.01.07-19.59.56:661][  0]LogAIModule: Creating AISystem for world Untitled_1
[2021.01.07-19.59.56:661][  0]LogAISub: UAISubsystem::UAISubsystem EnvQueryManager (0000018FA6FAFE00), frame # 0
[2021.01.07-19.59.56:661][  0]LogAISub: UAISubsystem::UAISubsystem AIPerceptionSystem (0000018FA70EDD00), frame # 0
[2021.01.07-19.59.56:666][  0]LogEditorServer: Finished looking for orphan Actors (0.000 secs)
[2021.01.07-19.59.56:685][  0]LogUObjectHash: Compacting FUObjectHashTables data took   1.98ms
[2021.01.07-19.59.56:686][  0]Cmd: MAP CHECKDEP NOCLEARLOG
[2021.01.07-19.59.56:686][  0]MapCheck: Map check complete: 0 Error(s), 0 Warning(s), took 0,299ms to complete.
[2021.01.07-19.59.56:686][  0]LogFileHelpers: Loading map 'Template_Default' took 0.146
[2021.01.07-19.59.56:690][  0]LogUnrealEdMisc: Total Editor Startup Time, took 17.628
[2021.01.07-19.59.56:846][  0]LogSlate: Updating window title bar state: overlay mode, drag disabled, window buttons hidden, title bar hidden
[2021.01.07-19.59.56:855][  0]LogSlate: Updating window title bar state: overlay mode, drag disabled, window buttons hidden, title bar hidden
[2021.01.07-19.59.56:866][  0]LogSlate: Updating window title bar state: overlay mode, drag disabled, window buttons hidden, title bar hidden
[2021.01.07-19.59.56:875][  0]LogSlate: Updating window title bar state: overlay mode, drag disabled, window buttons hidden, title bar hidden
[2021.01.07-19.59.56:887][  0]LogCollectionManager: Loaded 0 collections in 0.003145 seconds
[2021.01.07-19.59.56:912][  0]LogFileCache: Scanning file cache for directory 'E:/Unreal Projects/Vaccum/Vaccum/Saved/Collections/' took 0.00s
[2021.01.07-19.59.56:912][  0]LogFileCache: Scanning file cache for directory 'E:/Unreal Projects/Vaccum/Vaccum/Content/Developers/Nero/Collections/' took 0.00s
[2021.01.07-19.59.56:912][  0]LogFileCache: Scanning file cache for directory 'E:/Unreal Projects/Vaccum/Vaccum/Content/Collections/' took 0.00s
[2021.01.07-19.59.56:912][  0]LogContentBrowser: Native class hierarchy populated in 0.0142 seconds. Added 3427 classes and 821 folders.
[2021.01.07-19.59.56:914][  0]LogContentBrowser: Native class hierarchy updated for 'WidgetCarousel' in 0.0003 seconds. Added 0 classes and 0 folders.
[2021.01.07-19.59.56:973][  0]LogContentBrowser: Native class hierarchy updated for 'AddContentDialog' in 0.0004 seconds. Added 0 classes and 0 folders.
[2021.01.07-19.59.56:974][  0]LogContentBrowser: Native class hierarchy updated for 'SceneOutliner' in 0.0002 seconds. Added 2 classes and 0 folders.
[2021.01.07-19.59.57:019][  0]LogSlate: Took 0.000202 seconds to synchronously load lazily loaded font '../../../Engine/Content/Slate/Fonts/Roboto-Regular.ttf' (155K)
[2021.01.07-19.59.57:023][  0]LogSlate: Took 0.000277 seconds to synchronously load lazily loaded font '../../../Engine/Content/Slate/Fonts/Roboto-Bold.ttf' (160K)
[2021.01.07-19.59.57:033][  0]LogSlate: Took 0.002051 seconds to synchronously load lazily loaded font '../../../Engine/Content/Editor/Slate/Fonts/FontAwesome.ttf' (139K)
[2021.01.07-19.59.57:154][  0]LogRenderer: Reallocating scene render targets to support 1208x572 Format 10 NumSamples 1 (Frame:1).
[2021.01.07-19.59.57:376][  0]LogSlate: Window 'Tutorials' being destroyed
[2021.01.07-19.59.57:396][  0]LogContentBrowser: Native class hierarchy updated for 'HierarchicalLODOutliner' in 0.0004 seconds. Added 0 classes and 0 folders.
[2021.01.07-19.59.57:396][  0]LogLoad: (Engine Initialization) Total time: 18.33 seconds
[2021.01.07-19.59.57:396][  0]LogLoad: (Engine Initialization) Total Blueprint compile time: 0.00 seconds
[2021.01.07-19.59.57:449][  0]LogAssetRegistry: Asset discovery search completed in 5.9294 seconds
[2021.01.07-19.59.57:453][  0]LogCollectionManager: Fixed up redirectors for 0 collections in 0.000003 seconds (updated 0 objects)
[2021.01.07-19.59.57:455][  0]LogContentStreaming: Texture pool size now 1000 MB
